Error[105]   D:\Радио\Программы\PROTEUS\LIB\N6610\DEMO\NOKIA 6610 LCD.C 1 : Cannot open file (Include File "htc.h" not found)
Warning[205] D:\Радио\Программы\PROTEUS\LIB\N6610\DEMO\NOKIA 6610 LCD.C 6 : Found directive in column 1. (__CONFIG)
Error[131]   D:\Радио\Программы\PROTEUS\LIB\N6610\DEMO\NOKIA 6610 LCD.C 6 : Processor type is undefined
Error[108]   D:\Радио\Программы\PROTEUS\LIB\N6610\DEMO\NOKIA 6610 LCD.C 8 : Illegal character (/)
Error[122]   D:\Радио\Программы\PROTEUS\LIB\N6610\DEMO\NOKIA 6610 LCD.C 30 : Illegal opcode (lcd_send)
Error[122]   D:\Радио\Программы\PROTEUS\LIB\N6610\DEMO\NOKIA 6610 LCD.C 31 : Illegal opcode (lcd_fill_area)
Error[122]   D:\Радио\Программы\PROTEUS\LIB\N6610\DEMO\NOKIA 6610 LCD.C 33 : Illegal opcode (main)
Error[108]   D:\Радио\Программы\PROTEUS\LIB\N6610\DEMO\NOKIA 6610 LCD.C 34 : Illegal character ({)
Warning[207] D:\Радио\Программы\PROTEUS\LIB\N6610\DEMO\NOKIA 6610 LCD.C 35 : Found label after column 1. (unsigned)
Error[122]   D:\Радио\Программы\PROTEUS\LIB\N6610\DEMO\NOKIA 6610 LCD.C 35 : Illegal opcode (long)
Warning[207] D:\Радио\Программы\PROTEUS\LIB\N6610\DEMO\NOKIA 6610 LCD.C 36 : Found label after column 1. (TRISC)
Warning[207] D:\Радио\Программы\PROTEUS\LIB\N6610\DEMO\NOKIA 6610 LCD.C 37 : Found label after column 1. (RC0)
Warning[207] D:\Радио\Программы\PROTEUS\LIB\N6610\DEMO\NOKIA 6610 LCD.C 38 : Found label after column 1. (RC5)
Warning[207] D:\Радио\Программы\PROTEUS\LIB\N6610\DEMO\NOKIA 6610 LCD.C 39 : Found label after column 1. (RC2)
Warning[207] D:\Радио\Программы\PROTEUS\LIB\N6610\DEMO\NOKIA 6610 LCD.C 40 : Found label after column 1. (RC5)
Warning[207] D:\Радио\Программы\PROTEUS\LIB\N6610\DEMO\NOKIA 6610 LCD.C 41 : Found label after column 1. (RC2)
Error[108]   D:\Радио\Программы\PROTEUS\LIB\N6610\DEMO\NOKIA 6610 LCD.C 43 : Illegal character (/)
Error[108]   D:\Радио\Программы\PROTEUS\LIB\N6610\DEMO\NOKIA 6610 LCD.C 44 : Illegal character (/)
Error[108]   D:\Радио\Программы\PROTEUS\LIB\N6610\DEMO\NOKIA 6610 LCD.C 46 : Illegal character (/)
Error[108]   D:\Радио\Программы\PROTEUS\LIB\N6610\DEMO\NOKIA 6610 LCD.C 47 : Illegal character (/)
Warning[207] D:\Радио\Программы\PROTEUS\LIB\N6610\DEMO\NOKIA 6610 LCD.C 49 : Found label after column 1. (lcd_fill_area)
Error[108]   D:\Радио\Программы\PROTEUS\LIB\N6610\DEMO\NOKIA 6610 LCD.C 49 : Illegal character (()
Warning[207] D:\Радио\Программы\PROTEUS\LIB\N6610\DEMO\NOKIA 6610 LCD.C 50 : Found label after column 1. (lcd_fill_area)
Error[108]   D:\Радио\Программы\PROTEUS\LIB\N6610\DEMO\NOKIA 6610 LCD.C 50 : Illegal character (()
Warning[207] D:\Радио\Программы\PROTEUS\LIB\N6610\DEMO\NOKIA 6610 LCD.C 51 : Found label after column 1. (lcd_fill_area)
Error[108]   D:\Радио\Программы\PROTEUS\LIB\N6610\DEMO\NOKIA 6610 LCD.C 51 : Illegal character (()
Warning[207] D:\Радио\Программы\PROTEUS\LIB\N6610\DEMO\NOKIA 6610 LCD.C 53 : Found label after column 1. (RC0)
Error[129]   D:\Радио\Программы\PROTEUS\LIB\N6610\DEMO\NOKIA 6610 LCD.C 95 : Expected (ENDW)
Error[129]   D:\Радио\Программы\PROTEUS\LIB\N6610\DEMO\NOKIA 6610 LCD.C 96 : Expected (END)
Error[131]   D:\Радио\Программы\PROTEUS\LIB\N6610\DEMO\NOKIA 6610 LCD.C 96 : Processor type is undefined
